[3.172s] Invoking command in '/home/auvic/kraken/ROS/src/kraken': PYTHONPATH=/home/auvic/kraken/ROS/src/build/kraken/prefix_override:/home/auvic/kraken/ROS/src/install/kraken/lib/python3.6/site-packages:${PYTHONPATH} /usr/bin/python3 setup.py egg_info --egg-base ../build/kraken build --build-base /home/auvic/kraken/ROS/src/build/kraken/build install --record /home/auvic/kraken/ROS/src/build/kraken/install.log --install-scripts $base/lib/kraken --single-version-externally-managed
[4.069s] running egg_info
[4.071s] writing ../build/kraken/kraken.egg-info/PKG-INFO
[4.072s] writing dependency_links to ../build/kraken/kraken.egg-info/dependency_links.txt
[4.073s] writing entry points to ../build/kraken/kraken.egg-info/entry_points.txt
[4.073s] writing requirements to ../build/kraken/kraken.egg-info/requires.txt
[4.074s] writing top-level names to ../build/kraken/kraken.egg-info/top_level.txt
[4.211s] reading manifest file '../build/kraken/kraken.egg-info/SOURCES.txt'
[4.220s] writing manifest file '../build/kraken/kraken.egg-info/SOURCES.txt'
[4.220s] running build
[4.220s] running build_py
[4.221s] copying kraken/depth_sensor_node.py -> /home/auvic/kraken/ROS/src/build/kraken/build/lib/kraken
[4.222s] running install
[4.223s] running install_lib
[4.226s] copying /home/auvic/kraken/ROS/src/build/kraken/build/lib/kraken/depth_sensor_node.py -> /home/auvic/kraken/ROS/src/install/kraken/lib/python3.6/site-packages/kraken
[4.228s] byte-compiling /home/auvic/kraken/ROS/src/install/kraken/lib/python3.6/site-packages/kraken/depth_sensor_node.py to depth_sensor_node.cpython-36.pyc
[4.230s] running install_data
[4.232s] running install_egg_info
[4.238s] removing '/home/auvic/kraken/ROS/src/install/kraken/lib/python3.6/site-packages/kraken-0.0.0-py3.6.egg-info' (and everything under it)
[4.239s] Copying ../build/kraken/kraken.egg-info to /home/auvic/kraken/ROS/src/install/kraken/lib/python3.6/site-packages/kraken-0.0.0-py3.6.egg-info
[4.242s] running install_scripts
[4.316s] Installing depth_sensor script to /home/auvic/kraken/ROS/src/install/kraken/lib/kraken
[4.320s] Installing imu script to /home/auvic/kraken/ROS/src/install/kraken/lib/kraken
[4.321s] writing list of installed files to '/home/auvic/kraken/ROS/src/build/kraken/install.log'
[4.424s] Invoked command in '/home/auvic/kraken/ROS/src/kraken' returned '0': PYTHONPATH=/home/auvic/kraken/ROS/src/build/kraken/prefix_override:/home/auvic/kraken/ROS/src/install/kraken/lib/python3.6/site-packages:${PYTHONPATH} /usr/bin/python3 setup.py egg_info --egg-base ../build/kraken build --build-base /home/auvic/kraken/ROS/src/build/kraken/build install --record /home/auvic/kraken/ROS/src/build/kraken/install.log --install-scripts $base/lib/kraken --single-version-externally-managed
