[3.301s] Invoking command in '/home/auvic/kraken/ROS/src/kraken': PYTHONPATH=/home/auvic/kraken/ROS/build/kraken/prefix_override:/home/auvic/kraken/ROS/install/kraken/lib/python3.6/site-packages:${PYTHONPATH} /usr/bin/python3 setup.py egg_info --egg-base ../../build/kraken build --build-base /home/auvic/kraken/ROS/build/kraken/build install --record /home/auvic/kraken/ROS/build/kraken/install.log --install-scripts $base/lib/kraken --single-version-externally-managed
[4.243s] running egg_info
[4.245s] writing ../../build/kraken/kraken.egg-info/PKG-INFO
[4.246s] writing dependency_links to ../../build/kraken/kraken.egg-info/dependency_links.txt
[4.246s] writing entry points to ../../build/kraken/kraken.egg-info/entry_points.txt
[4.247s] writing requirements to ../../build/kraken/kraken.egg-info/requires.txt
[4.247s] writing top-level names to ../../build/kraken/kraken.egg-info/top_level.txt
[4.389s] reading manifest file '../../build/kraken/kraken.egg-info/SOURCES.txt'
[4.394s] writing manifest file '../../build/kraken/kraken.egg-info/SOURCES.txt'
[4.394s] running build
[4.395s] running build_py
[4.395s] copying kraken/imu_node.py -> /home/auvic/kraken/ROS/build/kraken/build/lib/kraken
[4.396s] running install
[4.397s] running install_lib
[4.401s] copying /home/auvic/kraken/ROS/build/kraken/build/lib/kraken/imu_node.py -> /home/auvic/kraken/ROS/install/kraken/lib/python3.6/site-packages/kraken
[4.403s] byte-compiling /home/auvic/kraken/ROS/install/kraken/lib/python3.6/site-packages/kraken/imu_node.py to imu_node.cpython-36.pyc
[4.405s] running install_data
[4.407s] running install_egg_info
[4.413s] removing '/home/auvic/kraken/ROS/install/kraken/lib/python3.6/site-packages/kraken-0.0.0-py3.6.egg-info' (and everything under it)
[4.414s] Copying ../../build/kraken/kraken.egg-info to /home/auvic/kraken/ROS/install/kraken/lib/python3.6/site-packages/kraken-0.0.0-py3.6.egg-info
[4.417s] running install_scripts
[4.486s] Installing depth_sensor script to /home/auvic/kraken/ROS/install/kraken/lib/kraken
[4.486s] Installing imu script to /home/auvic/kraken/ROS/install/kraken/lib/kraken
[4.488s] writing list of installed files to '/home/auvic/kraken/ROS/build/kraken/install.log'
[4.583s] Invoked command in '/home/auvic/kraken/ROS/src/kraken' returned '0': PYTHONPATH=/home/auvic/kraken/ROS/build/kraken/prefix_override:/home/auvic/kraken/ROS/install/kraken/lib/python3.6/site-packages:${PYTHONPATH} /usr/bin/python3 setup.py egg_info --egg-base ../../build/kraken build --build-base /home/auvic/kraken/ROS/build/kraken/build install --record /home/auvic/kraken/ROS/build/kraken/install.log --install-scripts $base/lib/kraken --single-version-externally-managed
