[3.236s] Invoking command in '/home/auvic/kraken/ROS/src/kraken': PYTHONPATH=/home/auvic/kraken/ROS/src/build/kraken/prefix_override:/home/auvic/kraken/ROS/src/install/kraken/lib/python3.6/site-packages:${PYTHONPATH} /usr/bin/python3 setup.py egg_info --egg-base ../build/kraken build --build-base /home/auvic/kraken/ROS/src/build/kraken/build install --record /home/auvic/kraken/ROS/src/build/kraken/install.log --install-scripts $base/lib/kraken --single-version-externally-managed
[4.159s] running egg_info
[4.161s] writing ../build/kraken/kraken.egg-info/PKG-INFO
[4.163s] writing dependency_links to ../build/kraken/kraken.egg-info/dependency_links.txt
[4.164s] writing entry points to ../build/kraken/kraken.egg-info/entry_points.txt
[4.164s] writing requirements to ../build/kraken/kraken.egg-info/requires.txt
[4.165s] writing top-level names to ../build/kraken/kraken.egg-info/top_level.txt
[4.311s] reading manifest file '../build/kraken/kraken.egg-info/SOURCES.txt'
[4.315s] writing manifest file '../build/kraken/kraken.egg-info/SOURCES.txt'
[4.316s] running build
[4.316s] running build_py
[4.317s] copying kraken/imu_node.py -> /home/auvic/kraken/ROS/src/build/kraken/build/lib/kraken
[4.317s] running install
[4.319s] running install_lib
[4.322s] copying /home/auvic/kraken/ROS/src/build/kraken/build/lib/kraken/imu_node.py -> /home/auvic/kraken/ROS/src/install/kraken/lib/python3.6/site-packages/kraken
[4.323s] byte-compiling /home/auvic/kraken/ROS/src/install/kraken/lib/python3.6/site-packages/kraken/imu_node.py to imu_node.cpython-36.pyc
[4.325s] running install_data
[4.327s] running install_egg_info
[4.333s] removing '/home/auvic/kraken/ROS/src/install/kraken/lib/python3.6/site-packages/kraken-0.0.0-py3.6.egg-info' (and everything under it)
[4.334s] Copying ../build/kraken/kraken.egg-info to /home/auvic/kraken/ROS/src/install/kraken/lib/python3.6/site-packages/kraken-0.0.0-py3.6.egg-info
[4.337s] running install_scripts
[4.411s] Installing depth_sensor script to /home/auvic/kraken/ROS/src/install/kraken/lib/kraken
[4.412s] Installing imu script to /home/auvic/kraken/ROS/src/install/kraken/lib/kraken
[4.413s] writing list of installed files to '/home/auvic/kraken/ROS/src/build/kraken/install.log'
[4.519s] Invoked command in '/home/auvic/kraken/ROS/src/kraken' returned '0': PYTHONPATH=/home/auvic/kraken/ROS/src/build/kraken/prefix_override:/home/auvic/kraken/ROS/src/install/kraken/lib/python3.6/site-packages:${PYTHONPATH} /usr/bin/python3 setup.py egg_info --egg-base ../build/kraken build --build-base /home/auvic/kraken/ROS/src/build/kraken/build install --record /home/auvic/kraken/ROS/src/build/kraken/install.log --install-scripts $base/lib/kraken --single-version-externally-managed
