[3.256s] Invoking command in '/home/auvic/kraken/ROS/src/kraken': PYTHONPATH=/home/auvic/kraken/ROS/src/build/kraken/prefix_override:/home/auvic/kraken/ROS/src/install/kraken/lib/python3.6/site-packages:${PYTHONPATH} /usr/bin/python3 setup.py egg_info --egg-base ../build/kraken build --build-base /home/auvic/kraken/ROS/src/build/kraken/build install --record /home/auvic/kraken/ROS/src/build/kraken/install.log --install-scripts $base/lib/kraken --single-version-externally-managed
[4.198s] running egg_info
[4.201s] writing ../build/kraken/kraken.egg-info/PKG-INFO
[4.201s] writing dependency_links to ../build/kraken/kraken.egg-info/dependency_links.txt
[4.202s] writing entry points to ../build/kraken/kraken.egg-info/entry_points.txt
[4.202s] writing requirements to ../build/kraken/kraken.egg-info/requires.txt
[4.203s] writing top-level names to ../build/kraken/kraken.egg-info/top_level.txt
[4.342s] reading manifest file '../build/kraken/kraken.egg-info/SOURCES.txt'
[4.347s] writing manifest file '../build/kraken/kraken.egg-info/SOURCES.txt'
[4.347s] running build
[4.347s] running build_py
[4.348s] copying kraken/imu_node.py -> /home/auvic/kraken/ROS/src/build/kraken/build/lib/kraken
[4.348s] running install
[4.350s] running install_lib
[4.353s] copying /home/auvic/kraken/ROS/src/build/kraken/build/lib/kraken/imu_node.py -> /home/auvic/kraken/ROS/src/install/kraken/lib/python3.6/site-packages/kraken
[4.355s] byte-compiling /home/auvic/kraken/ROS/src/install/kraken/lib/python3.6/site-packages/kraken/imu_node.py to imu_node.cpython-36.pyc
[4.357s] running install_data
[4.360s] running install_egg_info
[4.366s] removing '/home/auvic/kraken/ROS/src/install/kraken/lib/python3.6/site-packages/kraken-0.0.0-py3.6.egg-info' (and everything under it)
[4.367s] Copying ../build/kraken/kraken.egg-info to /home/auvic/kraken/ROS/src/install/kraken/lib/python3.6/site-packages/kraken-0.0.0-py3.6.egg-info
[4.370s] running install_scripts
[4.439s] Installing depth_sensor script to /home/auvic/kraken/ROS/src/install/kraken/lib/kraken
[4.440s] Installing imu script to /home/auvic/kraken/ROS/src/install/kraken/lib/kraken
[4.441s] writing list of installed files to '/home/auvic/kraken/ROS/src/build/kraken/install.log'
[4.538s] Invoked command in '/home/auvic/kraken/ROS/src/kraken' returned '0': PYTHONPATH=/home/auvic/kraken/ROS/src/build/kraken/prefix_override:/home/auvic/kraken/ROS/src/install/kraken/lib/python3.6/site-packages:${PYTHONPATH} /usr/bin/python3 setup.py egg_info --egg-base ../build/kraken build --build-base /home/auvic/kraken/ROS/src/build/kraken/build install --record /home/auvic/kraken/ROS/src/build/kraken/install.log --install-scripts $base/lib/kraken --single-version-externally-managed
