running egg_info
creating ../../build/kraken/kraken.egg-info
writing ../../build/kraken/kraken.egg-info/PKG-INFO
writing dependency_links to ../../build/kraken/kraken.egg-info/dependency_links.txt
writing entry points to ../../build/kraken/kraken.egg-info/entry_points.txt
writing requirements to ../../build/kraken/kraken.egg-info/requires.txt
writing top-level names to ../../build/kraken/kraken.egg-info/top_level.txt
writing manifest file '../../build/kraken/kraken.egg-info/SOURCES.txt'
reading manifest file '../../build/kraken/kraken.egg-info/SOURCES.txt'
writing manifest file '../../build/kraken/kraken.egg-info/SOURCES.txt'
running build
running build_py
creating /home/auvic/kraken/build/kraken/build
creating /home/auvic/kraken/build/kraken/build/lib
creating /home/auvic/kraken/build/kraken/build/lib/kraken
copying kraken/__init__.py -> /home/auvic/kraken/build/kraken/build/lib/kraken
copying kraken/depth_sensor_node.py -> /home/auvic/kraken/build/kraken/build/lib/kraken
copying kraken/imu_node.py -> /home/auvic/kraken/build/kraken/build/lib/kraken
running install
running install_lib
creating /home/auvic/kraken/install/kraken/lib/python3.6/site-packages/kraken
copying /home/auvic/kraken/build/kraken/build/lib/kraken/__init__.py -> /home/auvic/kraken/install/kraken/lib/python3.6/site-packages/kraken
copying /home/auvic/kraken/build/kraken/build/lib/kraken/depth_sensor_node.py -> /home/auvic/kraken/install/kraken/lib/python3.6/site-packages/kraken
copying /home/auvic/kraken/build/kraken/build/lib/kraken/imu_node.py -> /home/auvic/kraken/install/kraken/lib/python3.6/site-packages/kraken
byte-compiling /home/auvic/kraken/install/kraken/lib/python3.6/site-packages/kraken/__init__.py to __init__.cpython-36.pyc
byte-compiling /home/auvic/kraken/install/kraken/lib/python3.6/site-packages/kraken/depth_sensor_node.py to depth_sensor_node.cpython-36.pyc
byte-compiling /home/auvic/kraken/install/kraken/lib/python3.6/site-packages/kraken/imu_node.py to imu_node.cpython-36.pyc
running install_data
creating /home/auvic/kraken/install/kraken/share/ament_index
creating /home/auvic/kraken/install/kraken/share/ament_index/resource_index
creating /home/auvic/kraken/install/kraken/share/ament_index/resource_index/packages
copying resource/kraken -> /home/auvic/kraken/install/kraken/share/ament_index/resource_index/packages
copying package.xml -> /home/auvic/kraken/install/kraken/share/kraken
running install_egg_info
Copying ../../build/kraken/kraken.egg-info to /home/auvic/kraken/install/kraken/lib/python3.6/site-packages/kraken-0.0.0-py3.6.egg-info
running install_scripts
Installing depth_sensor script to /home/auvic/kraken/install/kraken/lib/kraken
Installing imu script to /home/auvic/kraken/install/kraken/lib/kraken
writing list of installed files to '/home/auvic/kraken/build/kraken/install.log'
