[3.094s] Invoking command in '/home/auvic/kraken/src/kraken': PYTHONPATH=/home/auvic/kraken/build/kraken/prefix_override:/home/auvic/kraken/install/kraken/lib/python3.6/site-packages:${PYTHONPATH} /usr/bin/python3 setup.py egg_info --egg-base ../../build/kraken build --build-base /home/auvic/kraken/build/kraken/build install --record /home/auvic/kraken/build/kraken/install.log --install-scripts $base/lib/kraken --single-version-externally-managed
[4.027s] running egg_info
[4.029s] creating ../../build/kraken/kraken.egg-info
[4.030s] writing ../../build/kraken/kraken.egg-info/PKG-INFO
[4.031s] writing dependency_links to ../../build/kraken/kraken.egg-info/dependency_links.txt
[4.031s] writing entry points to ../../build/kraken/kraken.egg-info/entry_points.txt
[4.032s] writing requirements to ../../build/kraken/kraken.egg-info/requires.txt
[4.032s] writing top-level names to ../../build/kraken/kraken.egg-info/top_level.txt
[4.033s] writing manifest file '../../build/kraken/kraken.egg-info/SOURCES.txt'
[4.181s] reading manifest file '../../build/kraken/kraken.egg-info/SOURCES.txt'
[4.185s] writing manifest file '../../build/kraken/kraken.egg-info/SOURCES.txt'
[4.186s] running build
[4.186s] running build_py
[4.187s] creating /home/auvic/kraken/build/kraken/build
[4.187s] creating /home/auvic/kraken/build/kraken/build/lib
[4.188s] creating /home/auvic/kraken/build/kraken/build/lib/kraken
[4.188s] copying kraken/__init__.py -> /home/auvic/kraken/build/kraken/build/lib/kraken
[4.188s] copying kraken/depth_sensor_node.py -> /home/auvic/kraken/build/kraken/build/lib/kraken
[4.189s] copying kraken/imu_node.py -> /home/auvic/kraken/build/kraken/build/lib/kraken
[4.189s] running install
[4.190s] running install_lib
[4.193s] creating /home/auvic/kraken/install/kraken/lib/python3.6/site-packages/kraken
[4.193s] copying /home/auvic/kraken/build/kraken/build/lib/kraken/__init__.py -> /home/auvic/kraken/install/kraken/lib/python3.6/site-packages/kraken
[4.194s] copying /home/auvic/kraken/build/kraken/build/lib/kraken/depth_sensor_node.py -> /home/auvic/kraken/install/kraken/lib/python3.6/site-packages/kraken
[4.194s] copying /home/auvic/kraken/build/kraken/build/lib/kraken/imu_node.py -> /home/auvic/kraken/install/kraken/lib/python3.6/site-packages/kraken
[4.195s] byte-compiling /home/auvic/kraken/install/kraken/lib/python3.6/site-packages/kraken/__init__.py to __init__.cpython-36.pyc
[4.196s] byte-compiling /home/auvic/kraken/install/kraken/lib/python3.6/site-packages/kraken/depth_sensor_node.py to depth_sensor_node.cpython-36.pyc
[4.197s] byte-compiling /home/auvic/kraken/install/kraken/lib/python3.6/site-packages/kraken/imu_node.py to imu_node.cpython-36.pyc
[4.198s] running install_data
[4.201s] creating /home/auvic/kraken/install/kraken/share/ament_index
[4.202s] creating /home/auvic/kraken/install/kraken/share/ament_index/resource_index
[4.202s] creating /home/auvic/kraken/install/kraken/share/ament_index/resource_index/packages
[4.203s] copying resource/kraken -> /home/auvic/kraken/install/kraken/share/ament_index/resource_index/packages
[4.203s] copying package.xml -> /home/auvic/kraken/install/kraken/share/kraken
[4.203s] running install_egg_info
[4.209s] Copying ../../build/kraken/kraken.egg-info to /home/auvic/kraken/install/kraken/lib/python3.6/site-packages/kraken-0.0.0-py3.6.egg-info
[4.212s] running install_scripts
[4.282s] Installing depth_sensor script to /home/auvic/kraken/install/kraken/lib/kraken
[4.282s] Installing imu script to /home/auvic/kraken/install/kraken/lib/kraken
[4.283s] writing list of installed files to '/home/auvic/kraken/build/kraken/install.log'
[4.384s] Invoked command in '/home/auvic/kraken/src/kraken' returned '0': PYTHONPATH=/home/auvic/kraken/build/kraken/prefix_override:/home/auvic/kraken/install/kraken/lib/python3.6/site-packages:${PYTHONPATH} /usr/bin/python3 setup.py egg_info --egg-base ../../build/kraken build --build-base /home/auvic/kraken/build/kraken/build install --record /home/auvic/kraken/build/kraken/install.log --install-scripts $base/lib/kraken --single-version-externally-managed
