[3.591s] Invoking command in '/home/auvic/kraken/ROS/src/kraken': PYTHONPATH=/home/auvic/kraken/ROS/src/build/kraken/prefix_override:/home/auvic/kraken/ROS/src/install/kraken/lib/python3.6/site-packages:${PYTHONPATH} /usr/bin/python3 setup.py egg_info --egg-base ../build/kraken build --build-base /home/auvic/kraken/ROS/src/build/kraken/build install --record /home/auvic/kraken/ROS/src/build/kraken/install.log --install-scripts $base/lib/kraken --single-version-externally-managed
[4.609s] running egg_info
[4.612s] writing ../build/kraken/kraken.egg-info/PKG-INFO
[4.613s] writing dependency_links to ../build/kraken/kraken.egg-info/dependency_links.txt
[4.614s] writing entry points to ../build/kraken/kraken.egg-info/entry_points.txt
[4.615s] writing requirements to ../build/kraken/kraken.egg-info/requires.txt
[4.616s] writing top-level names to ../build/kraken/kraken.egg-info/top_level.txt
[4.771s] reading manifest file '../build/kraken/kraken.egg-info/SOURCES.txt'
[4.777s] writing manifest file '../build/kraken/kraken.egg-info/SOURCES.txt'
[4.777s] running build
[4.778s] running build_py
[4.778s] copying kraken/depth_sensor_node.py -> /home/auvic/kraken/ROS/src/build/kraken/build/lib/kraken
[4.779s] copying kraken/imu_node.py -> /home/auvic/kraken/ROS/src/build/kraken/build/lib/kraken
[4.779s] running install
[4.781s] running install_lib
[4.784s] copying /home/auvic/kraken/ROS/src/build/kraken/build/lib/kraken/depth_sensor_node.py -> /home/auvic/kraken/ROS/src/install/kraken/lib/python3.6/site-packages/kraken
[4.784s] copying /home/auvic/kraken/ROS/src/build/kraken/build/lib/kraken/imu_node.py -> /home/auvic/kraken/ROS/src/install/kraken/lib/python3.6/site-packages/kraken
[4.786s] byte-compiling /home/auvic/kraken/ROS/src/install/kraken/lib/python3.6/site-packages/kraken/depth_sensor_node.py to depth_sensor_node.cpython-36.pyc
[4.789s] byte-compiling /home/auvic/kraken/ROS/src/install/kraken/lib/python3.6/site-packages/kraken/imu_node.py to imu_node.cpython-36.pyc
[4.790s] running install_data
[4.793s] running install_egg_info
[4.799s] removing '/home/auvic/kraken/ROS/src/install/kraken/lib/python3.6/site-packages/kraken-0.0.0-py3.6.egg-info' (and everything under it)
[4.800s] Copying ../build/kraken/kraken.egg-info to /home/auvic/kraken/ROS/src/install/kraken/lib/python3.6/site-packages/kraken-0.0.0-py3.6.egg-info
[4.803s] running install_scripts
[4.881s] Installing depth_sensor script to /home/auvic/kraken/ROS/src/install/kraken/lib/kraken
[4.882s] Installing imu script to /home/auvic/kraken/ROS/src/install/kraken/lib/kraken
[4.883s] writing list of installed files to '/home/auvic/kraken/ROS/src/build/kraken/install.log'
[4.987s] Invoked command in '/home/auvic/kraken/ROS/src/kraken' returned '0': PYTHONPATH=/home/auvic/kraken/ROS/src/build/kraken/prefix_override:/home/auvic/kraken/ROS/src/install/kraken/lib/python3.6/site-packages:${PYTHONPATH} /usr/bin/python3 setup.py egg_info --egg-base ../build/kraken build --build-base /home/auvic/kraken/ROS/src/build/kraken/build install --record /home/auvic/kraken/ROS/src/build/kraken/install.log --install-scripts $base/lib/kraken --single-version-externally-managed
