[4.326s] DEBUG:colcon:Command line arguments: ['/home/auvic/.local/bin/colcon', 'build', '--packages-select', 'kraken']
[4.326s] DEBUG:colcon:Parsed command line arguments: Namespace(ament_cmake_args=None, base_paths=['.'], build_base='build', catkin_cmake_args=None, catkin_skip_building_tests=False, cmake_args=None, cmake_clean_cache=False, cmake_clean_first=False, cmake_force_configure=False, cmake_target=None, cmake_target_skip_unavailable=False, continue_on_error=False, event_handlers=None, executor='parallel', ignore_user_meta=False, install_base='install', log_base=None, log_level=None, main=<bound method BuildVerb.main of <colcon_core.verb.build.BuildVerb object at 0x7fa9a2ee10>>, merge_install=False, metas=['./colcon.meta'], packages_above=None, packages_above_and_dependencies=None, packages_above_depth=None, packages_end=None, packages_ignore=None, packages_ignore_regex=None, packages_select=['kraken'], packages_select_build_failed=False, packages_select_by_dep=None, packages_select_regex=None, packages_select_test_failures=False, packages_skip=None, packages_skip_build_finished=False, packages_skip_by_dep=None, packages_skip_regex=None, packages_skip_test_passed=False, packages_skip_up_to=None, packages_start=None, packages_up_to=None, packages_up_to_regex=None, parallel_workers=4, paths=None, symlink_install=False, test_result_base=None, verb_extension=<colcon_core.verb.build.BuildVerb object at 0x7fa9a2ee10>, verb_name='build', verb_parser=<colcon_defaults.argument_parser.defaults.DefaultArgumentsDecorator object at 0x7fa9a3b198>)
[4.529s] Level 1:colcon.colcon_core.package_discovery:discover_packages(colcon_meta) check parameters
[4.530s] Level 1:colcon.colcon_core.package_discovery:discover_packages(recursive) check parameters
[4.530s] Level 1:colcon.colcon_core.package_discovery:discover_packages(ignore) check parameters
[4.530s] Level 1:colcon.colcon_core.package_discovery:discover_packages(path) check parameters
[4.530s] Level 1:colcon.colcon_core.package_discovery:discover_packages(colcon_meta) discover
[4.531s] Level 1:colcon.colcon_core.package_discovery:discover_packages(recursive) discover
[4.531s] INFO:colcon.colcon_core.package_discovery:Crawling recursively for packages in '/home/auvic/kraken/ROS'
[4.532s] Level 1:colcon.colcon_core.package_identification:_identify(.) by extensions ['ignore', 'ignore_ament_install']
[4.532s] Level 1:colcon.colcon_core.package_identification:_identify(.) by extension 'ignore'
[4.532s] Level 1:colcon.colcon_core.package_identification:_identify(.) by extension 'ignore_ament_install'
[4.533s] Level 1:colcon.colcon_core.package_identification:_identify(.) by extensions ['colcon_pkg']
[4.533s] Level 1:colcon.colcon_core.package_identification:_identify(.) by extension 'colcon_pkg'
[4.533s] Level 1:colcon.colcon_core.package_identification:_identify(.) by extensions ['colcon_meta']
[4.533s] Level 1:colcon.colcon_core.package_identification:_identify(.) by extension 'colcon_meta'
[4.533s] Level 1:colcon.colcon_core.package_identification:_identify(.) by extensions ['ros']
[4.534s] Level 1:colcon.colcon_core.package_identification:_identify(.) by extension 'ros'
[4.578s] Level 1:colcon.colcon_core.package_identification:_identify(.) by extensions ['cmake', 'python']
[4.579s] Level 1:colcon.colcon_core.package_identification:_identify(.) by extension 'cmake'
[4.579s] Level 1:colcon.colcon_core.package_identification:_identify(.) by extension 'python'
[4.579s] Level 1:colcon.colcon_core.package_identification:_identify(.) by extensions ['python_setup_py']
[4.579s] Level 1:colcon.colcon_core.package_identification:_identify(.) by extension 'python_setup_py'
[4.580s] Level 1:colcon.colcon_core.package_identification:_identify(build) by extensions ['ignore', 'ignore_ament_install']
[4.580s] Level 1:colcon.colcon_core.package_identification:_identify(build) by extension 'ignore'
[4.580s] Level 1:colcon.colcon_core.package_identification:_identify(build) ignored
[4.582s] Level 1:colcon.colcon_core.package_identification:_identify(install) by extensions ['ignore', 'ignore_ament_install']
[4.582s] Level 1:colcon.colcon_core.package_identification:_identify(install) by extension 'ignore'
[4.582s] Level 1:colcon.colcon_core.package_identification:_identify(install) ignored
[4.583s] Level 1:colcon.colcon_core.package_identification:_identify(log) by extensions ['ignore', 'ignore_ament_install']
[4.583s] Level 1:colcon.colcon_core.package_identification:_identify(log) by extension 'ignore'
[4.583s] Level 1:colcon.colcon_core.package_identification:_identify(log) ignored
[4.584s] Level 1:colcon.colcon_core.package_identification:_identify(src) by extensions ['ignore', 'ignore_ament_install']
[4.584s] Level 1:colcon.colcon_core.package_identification:_identify(src) by extension 'ignore'
[4.584s] Level 1:colcon.colcon_core.package_identification:_identify(src) by extension 'ignore_ament_install'
[4.584s] Level 1:colcon.colcon_core.package_identification:_identify(src) by extensions ['colcon_pkg']
[4.585s] Level 1:colcon.colcon_core.package_identification:_identify(src) by extension 'colcon_pkg'
[4.585s] Level 1:colcon.colcon_core.package_identification:_identify(src) by extensions ['colcon_meta']
[4.585s] Level 1:colcon.colcon_core.package_identification:_identify(src) by extension 'colcon_meta'
[4.585s] Level 1:colcon.colcon_core.package_identification:_identify(src) by extensions ['ros']
[4.585s] Level 1:colcon.colcon_core.package_identification:_identify(src) by extension 'ros'
[4.586s] Level 1:colcon.colcon_core.package_identification:_identify(src) by extensions ['cmake', 'python']
[4.586s] Level 1:colcon.colcon_core.package_identification:_identify(src) by extension 'cmake'
[4.586s] Level 1:colcon.colcon_core.package_identification:_identify(src) by extension 'python'
[4.586s] Level 1:colcon.colcon_core.package_identification:_identify(src) by extensions ['python_setup_py']
[4.586s] Level 1:colcon.colcon_core.package_identification:_identify(src) by extension 'python_setup_py'
[4.587s] Level 1:colcon.colcon_core.package_identification:_identify(src/build) by extensions ['ignore', 'ignore_ament_install']
[4.587s] Level 1:colcon.colcon_core.package_identification:_identify(src/build) by extension 'ignore'
[4.587s] Level 1:colcon.colcon_core.package_identification:_identify(src/build) ignored
[4.588s] Level 1:colcon.colcon_core.package_identification:_identify(src/install) by extensions ['ignore', 'ignore_ament_install']
[4.588s] Level 1:colcon.colcon_core.package_identification:_identify(src/install) by extension 'ignore'
[4.588s] Level 1:colcon.colcon_core.package_identification:_identify(src/install) ignored
[4.588s] Level 1:colcon.colcon_core.package_identification:_identify(src/kraken) by extensions ['ignore', 'ignore_ament_install']
[4.589s] Level 1:colcon.colcon_core.package_identification:_identify(src/kraken) by extension 'ignore'
[4.589s] Level 1:colcon.colcon_core.package_identification:_identify(src/kraken) by extension 'ignore_ament_install'
[4.589s] Level 1:colcon.colcon_core.package_identification:_identify(src/kraken) by extensions ['colcon_pkg']
[4.589s] Level 1:colcon.colcon_core.package_identification:_identify(src/kraken) by extension 'colcon_pkg'
[4.590s] Level 1:colcon.colcon_core.package_identification:_identify(src/kraken) by extensions ['colcon_meta']
[4.590s] Level 1:colcon.colcon_core.package_identification:_identify(src/kraken) by extension 'colcon_meta'
[4.590s] Level 1:colcon.colcon_core.package_identification:_identify(src/kraken) by extensions ['ros']
[4.590s] Level 1:colcon.colcon_core.package_identification:_identify(src/kraken) by extension 'ros'
[4.602s] DEBUG:colcon.colcon_core.package_identification:Package 'src/kraken' with type 'ros.ament_python' and name 'kraken'
[4.602s] Level 1:colcon.colcon_core.package_identification:_identify(src/log) by extensions ['ignore', 'ignore_ament_install']
[4.603s] Level 1:colcon.colcon_core.package_identification:_identify(src/log) by extension 'ignore'
[4.603s] Level 1:colcon.colcon_core.package_identification:_identify(src/log) ignored
[4.603s] Level 1:colcon.colcon_core.package_discovery:discover_packages(recursive) using defaults
[4.604s] Level 1:colcon.colcon_core.package_discovery:discover_packages(ignore) discover
[4.604s] Level 1:colcon.colcon_core.package_discovery:discover_packages(ignore) using defaults
[4.604s] Level 1:colcon.colcon_core.package_discovery:discover_packages(path) discover
[4.605s] Level 1:colcon.colcon_core.package_discovery:discover_packages(path) using defaults
[4.904s] Level 5:colcon.colcon_core.verb:set package 'kraken' build argument 'cmake_args' from command line to 'None'
[4.904s] Level 5:colcon.colcon_core.verb:set package 'kraken' build argument 'cmake_target' from command line to 'None'
[4.904s] Level 5:colcon.colcon_core.verb:set package 'kraken' build argument 'cmake_target_skip_unavailable' from command line to 'False'
[4.905s] Level 5:colcon.colcon_core.verb:set package 'kraken' build argument 'cmake_clean_cache' from command line to 'False'
[4.905s] Level 5:colcon.colcon_core.verb:set package 'kraken' build argument 'cmake_clean_first' from command line to 'False'
[4.905s] Level 5:colcon.colcon_core.verb:set package 'kraken' build argument 'cmake_force_configure' from command line to 'False'
[4.905s] Level 5:colcon.colcon_core.verb:set package 'kraken' build argument 'ament_cmake_args' from command line to 'None'
[4.905s] Level 5:colcon.colcon_core.verb:set package 'kraken' build argument 'catkin_cmake_args' from command line to 'None'
[4.905s] Level 5:colcon.colcon_core.verb:set package 'kraken' build argument 'catkin_skip_building_tests' from command line to 'False'
[4.905s] DEBUG:colcon.colcon_core.verb:Building package 'kraken' with the following arguments: {'ament_cmake_args': None, 'build_base': '/home/auvic/kraken/ROS/build/kraken', 'catkin_cmake_args': None, 'catkin_skip_building_tests': False, 'cmake_args': None, 'cmake_clean_cache': False, 'cmake_clean_first': False, 'cmake_force_configure': False, 'cmake_target': None, 'cmake_target_skip_unavailable': False, 'install_base': '/home/auvic/kraken/ROS/install/kraken', 'merge_install': False, 'path': '/home/auvic/kraken/ROS/src/kraken', 'symlink_install': False, 'test_result_base': None}
[4.963s] INFO:colcon.colcon_core.executor:Executing jobs using 'parallel' executor
[5.024s] DEBUG:colcon.colcon_parallel_executor.executor.parallel:run_until_complete
[5.025s] INFO:colcon.colcon_ros.task.ament_python.build:Building ROS package in '/home/auvic/kraken/ROS/src/kraken' with build type 'ament_python'
[5.026s] Level 1:colcon.colcon_core.shell:create_environment_hook('kraken', 'ament_prefix_path')
[5.097s] INFO:colcon.colcon_core.plugin_system:Skipping extension 'colcon_core.shell.bat': Not used on non-Windows systems
[5.097s] INFO:colcon.colcon_core.shell:Creating environment hook '/home/auvic/kraken/ROS/install/kraken/share/kraken/hook/ament_prefix_path.ps1'
[5.100s] INFO:colcon.colcon_core.shell:Creating environment descriptor '/home/auvic/kraken/ROS/install/kraken/share/kraken/hook/ament_prefix_path.dsv'
[5.102s] INFO:colcon.colcon_core.shell:Creating environment hook '/home/auvic/kraken/ROS/install/kraken/share/kraken/hook/ament_prefix_path.sh'
[5.168s] INFO:colcon.colcon_core.shell:Skip shell extension 'powershell' for command environment: Not usable outside of PowerShell
[5.168s] DEBUG:colcon.colcon_core.shell:Skip shell extension 'dsv' for command environment
[6.412s] INFO:colcon.colcon_core.task.python.build:Building Python package in '/home/auvic/kraken/ROS/src/kraken'
[6.475s] INFO:colcon.colcon_core.shell:Skip shell extension 'powershell' for command environment: Not usable outside of PowerShell
[6.476s] DEBUG:colcon.colcon_core.shell:Skip shell extension 'dsv' for command environment
[8.328s] DEBUG:colcon.colcon_core.event_handler.log_command:Invoking command in '/home/auvic/kraken/ROS/src/kraken': PYTHONPATH=/home/auvic/kraken/ROS/build/kraken/prefix_override:/home/auvic/kraken/ROS/install/kraken/lib/python3.6/site-packages:${PYTHONPATH} /usr/bin/python3 setup.py egg_info --egg-base ../../build/kraken build --build-base /home/auvic/kraken/ROS/build/kraken/build install --record /home/auvic/kraken/ROS/build/kraken/install.log --install-scripts $base/lib/kraken --single-version-externally-managed
[9.610s] DEBUG:colcon.colcon_core.event_handler.log_command:Invoked command in '/home/auvic/kraken/ROS/src/kraken' returned '0': PYTHONPATH=/home/auvic/kraken/ROS/build/kraken/prefix_override:/home/auvic/kraken/ROS/install/kraken/lib/python3.6/site-packages:${PYTHONPATH} /usr/bin/python3 setup.py egg_info --egg-base ../../build/kraken build --build-base /home/auvic/kraken/ROS/build/kraken/build install --record /home/auvic/kraken/ROS/build/kraken/install.log --install-scripts $base/lib/kraken --single-version-externally-managed
[9.684s] Level 1:colcon.colcon_core.environment:checking '/home/auvic/kraken/ROS/install/kraken' for CMake module files
[9.686s] Level 1:colcon.colcon_core.environment:checking '/home/auvic/kraken/ROS/install/kraken' for CMake config files
[9.690s] Level 1:colcon.colcon_core.environment:checking '/home/auvic/kraken/ROS/install/kraken/lib'
[9.690s] Level 1:colcon.colcon_core.environment:checking '/home/auvic/kraken/ROS/install/kraken/bin'
[9.690s] Level 1:colcon.colcon_core.environment:checking '/home/auvic/kraken/ROS/install/kraken/lib/pkgconfig/kraken.pc'
[9.691s] Level 1:colcon.colcon_core.environment:checking '/home/auvic/kraken/ROS/install/kraken/lib/python3.6/site-packages'
[9.691s] Level 1:colcon.colcon_core.shell:create_environment_hook('kraken', 'pythonpath')
[9.752s] INFO:colcon.colcon_core.shell:Creating environment hook '/home/auvic/kraken/ROS/install/kraken/share/kraken/hook/pythonpath.ps1'
[9.754s] INFO:colcon.colcon_core.shell:Creating environment descriptor '/home/auvic/kraken/ROS/install/kraken/share/kraken/hook/pythonpath.dsv'
[9.755s] INFO:colcon.colcon_core.shell:Creating environment hook '/home/auvic/kraken/ROS/install/kraken/share/kraken/hook/pythonpath.sh'
[9.756s] Level 1:colcon.colcon_core.environment:checking '/home/auvic/kraken/ROS/install/kraken/bin'
[9.757s] Level 1:colcon.colcon_core.environment:create_environment_scripts_only(kraken)
[9.823s] INFO:colcon.colcon_core.shell:Creating package script '/home/auvic/kraken/ROS/install/kraken/share/kraken/package.ps1'
[9.827s] INFO:colcon.colcon_core.shell:Creating package descriptor '/home/auvic/kraken/ROS/install/kraken/share/kraken/package.dsv'
[9.829s] INFO:colcon.colcon_core.shell:Creating package script '/home/auvic/kraken/ROS/install/kraken/share/kraken/package.sh'
[9.833s] INFO:colcon.colcon_core.shell:Creating package script '/home/auvic/kraken/ROS/install/kraken/share/kraken/package.bash'
[9.836s] INFO:colcon.colcon_core.shell:Creating package script '/home/auvic/kraken/ROS/install/kraken/share/kraken/package.zsh'
[9.839s] Level 1:colcon.colcon_core.environment:create_file_with_runtime_dependencies(/home/auvic/kraken/ROS/install/kraken/share/colcon-core/packages/kraken)
[9.841s] DEBUG:colcon.colcon_parallel_executor.executor.parallel:closing loop
[9.843s] DEBUG:colcon.colcon_parallel_executor.executor.parallel:loop closed
[9.843s] DEBUG:colcon.colcon_parallel_executor.executor.parallel:run_until_complete finished with '0'
[9.843s] DEBUG:colcon.colcon_core.event_reactor:joining thread
[9.927s] INFO:colcon.colcon_core.plugin_system:Skipping extension 'colcon_notification.desktop_notification.terminal_notifier': Not used on non-Darwin systems
[9.927s] INFO:colcon.colcon_core.plugin_system:Skipping extension 'colcon_notification.desktop_notification.win32': Not used on non-Windows systems
[9.928s] INFO:colcon.colcon_notification.desktop_notification:Sending desktop notification using 'notify2'
[9.991s] DEBUG:colcon.colcon_core.event_reactor:joined thread
[10.061s] INFO:colcon.colcon_core.shell:Creating prefix script '/home/auvic/kraken/ROS/install/local_setup.ps1'
[10.066s] INFO:colcon.colcon_core.shell:Creating prefix util module '/home/auvic/kraken/ROS/install/_local_setup_util_ps1.py'
[10.074s] INFO:colcon.colcon_core.shell:Creating prefix chain script '/home/auvic/kraken/ROS/install/setup.ps1'
[10.150s] INFO:colcon.colcon_core.shell:Creating prefix script '/home/auvic/kraken/ROS/install/local_setup.sh'
[10.152s] INFO:colcon.colcon_core.shell:Creating prefix util module '/home/auvic/kraken/ROS/install/_local_setup_util_sh.py'
[10.154s] INFO:colcon.colcon_core.shell:Creating prefix chain script '/home/auvic/kraken/ROS/install/setup.sh'
[10.224s] INFO:colcon.colcon_core.shell:Creating prefix script '/home/auvic/kraken/ROS/install/local_setup.bash'
[10.226s] INFO:colcon.colcon_core.shell:Creating prefix chain script '/home/auvic/kraken/ROS/install/setup.bash'
[10.289s] INFO:colcon.colcon_core.shell:Creating prefix script '/home/auvic/kraken/ROS/install/local_setup.zsh'
[10.291s] INFO:colcon.colcon_core.shell:Creating prefix chain script '/home/auvic/kraken/ROS/install/setup.zsh'
