[4.184s] DEBUG:colcon:Command line arguments: ['/home/auvic/.local/bin/colcon', 'build']
[4.184s] DEBUG:colcon:Parsed command line arguments: Namespace(ament_cmake_args=None, base_paths=['.'], build_base='build', catkin_cmake_args=None, catkin_skip_building_tests=False, cmake_args=None, cmake_clean_cache=False, cmake_clean_first=False, cmake_force_configure=False, cmake_target=None, cmake_target_skip_unavailable=False, continue_on_error=False, event_handlers=None, executor='parallel', ignore_user_meta=False, install_base='install', log_base=None, log_level=None, main=<bound method BuildVerb.main of <colcon_core.verb.build.BuildVerb object at 0x7f9fc3ea58>>, merge_install=False, metas=['./colcon.meta'], packages_above=None, packages_above_and_dependencies=None, packages_above_depth=None, packages_end=None, packages_ignore=None, packages_ignore_regex=None, packages_select=None, packages_select_build_failed=False, packages_select_by_dep=None, packages_select_regex=None, packages_select_test_failures=False, packages_skip=None, packages_skip_build_finished=False, packages_skip_by_dep=None, packages_skip_regex=None, packages_skip_test_passed=False, packages_skip_up_to=None, packages_start=None, packages_up_to=None, packages_up_to_regex=None, parallel_workers=4, paths=None, symlink_install=False, test_result_base=None, verb_extension=<colcon_core.verb.build.BuildVerb object at 0x7f9fc3ea58>, verb_name='build', verb_parser=<colcon_defaults.argument_parser.defaults.DefaultArgumentsDecorator object at 0x7f9fc3eda0>)
[4.392s] Level 1:colcon.colcon_core.package_discovery:discover_packages(colcon_meta) check parameters
[4.393s] Level 1:colcon.colcon_core.package_discovery:discover_packages(recursive) check parameters
[4.393s] Level 1:colcon.colcon_core.package_discovery:discover_packages(ignore) check parameters
[4.393s] Level 1:colcon.colcon_core.package_discovery:discover_packages(path) check parameters
[4.393s] Level 1:colcon.colcon_core.package_discovery:discover_packages(colcon_meta) discover
[4.395s] Level 1:colcon.colcon_core.package_discovery:discover_packages(recursive) discover
[4.395s] INFO:colcon.colcon_core.package_discovery:Crawling recursively for packages in '/home/auvic/kraken'
[4.395s] Level 1:colcon.colcon_core.package_identification:_identify(.) by extensions ['ignore', 'ignore_ament_install']
[4.396s] Level 1:colcon.colcon_core.package_identification:_identify(.) by extension 'ignore'
[4.396s] Level 1:colcon.colcon_core.package_identification:_identify(.) by extension 'ignore_ament_install'
[4.396s] Level 1:colcon.colcon_core.package_identification:_identify(.) by extensions ['colcon_pkg']
[4.396s] Level 1:colcon.colcon_core.package_identification:_identify(.) by extension 'colcon_pkg'
[4.397s] Level 1:colcon.colcon_core.package_identification:_identify(.) by extensions ['colcon_meta']
[4.397s] Level 1:colcon.colcon_core.package_identification:_identify(.) by extension 'colcon_meta'
[4.397s] Level 1:colcon.colcon_core.package_identification:_identify(.) by extensions ['ros']
[4.397s] Level 1:colcon.colcon_core.package_identification:_identify(.) by extension 'ros'
[4.438s] Level 1:colcon.colcon_core.package_identification:_identify(.) by extensions ['cmake', 'python']
[4.438s] Level 1:colcon.colcon_core.package_identification:_identify(.) by extension 'cmake'
[4.439s] Level 1:colcon.colcon_core.package_identification:_identify(.) by extension 'python'
[4.439s] Level 1:colcon.colcon_core.package_identification:_identify(.) by extensions ['python_setup_py']
[4.439s] Level 1:colcon.colcon_core.package_identification:_identify(.) by extension 'python_setup_py'
[4.439s] Level 1:colcon.colcon_core.package_identification:_identify(build) by extensions ['ignore', 'ignore_ament_install']
[4.440s] Level 1:colcon.colcon_core.package_identification:_identify(build) by extension 'ignore'
[4.440s] Level 1:colcon.colcon_core.package_identification:_identify(build) ignored
[4.441s] Level 1:colcon.colcon_core.package_identification:_identify(install) by extensions ['ignore', 'ignore_ament_install']
[4.442s] Level 1:colcon.colcon_core.package_identification:_identify(install) by extension 'ignore'
[4.442s] Level 1:colcon.colcon_core.package_identification:_identify(install) ignored
[4.442s] Level 1:colcon.colcon_core.package_identification:_identify(log) by extensions ['ignore', 'ignore_ament_install']
[4.443s] Level 1:colcon.colcon_core.package_identification:_identify(log) by extension 'ignore'
[4.443s] Level 1:colcon.colcon_core.package_identification:_identify(log) ignored
[4.443s] Level 1:colcon.colcon_core.package_identification:_identify(src) by extensions ['ignore', 'ignore_ament_install']
[4.443s] Level 1:colcon.colcon_core.package_identification:_identify(src) by extension 'ignore'
[4.444s] Level 1:colcon.colcon_core.package_identification:_identify(src) by extension 'ignore_ament_install'
[4.444s] Level 1:colcon.colcon_core.package_identification:_identify(src) by extensions ['colcon_pkg']
[4.444s] Level 1:colcon.colcon_core.package_identification:_identify(src) by extension 'colcon_pkg'
[4.444s] Level 1:colcon.colcon_core.package_identification:_identify(src) by extensions ['colcon_meta']
[4.444s] Level 1:colcon.colcon_core.package_identification:_identify(src) by extension 'colcon_meta'
[4.445s] Level 1:colcon.colcon_core.package_identification:_identify(src) by extensions ['ros']
[4.445s] Level 1:colcon.colcon_core.package_identification:_identify(src) by extension 'ros'
[4.445s] Level 1:colcon.colcon_core.package_identification:_identify(src) by extensions ['cmake', 'python']
[4.445s] Level 1:colcon.colcon_core.package_identification:_identify(src) by extension 'cmake'
[4.445s] Level 1:colcon.colcon_core.package_identification:_identify(src) by extension 'python'
[4.446s] Level 1:colcon.colcon_core.package_identification:_identify(src) by extensions ['python_setup_py']
[4.446s] Level 1:colcon.colcon_core.package_identification:_identify(src) by extension 'python_setup_py'
[4.446s] Level 1:colcon.colcon_core.package_identification:_identify(src/kraken) by extensions ['ignore', 'ignore_ament_install']
[4.446s] Level 1:colcon.colcon_core.package_identification:_identify(src/kraken) by extension 'ignore'
[4.447s] Level 1:colcon.colcon_core.package_identification:_identify(src/kraken) by extension 'ignore_ament_install'
[4.447s] Level 1:colcon.colcon_core.package_identification:_identify(src/kraken) by extensions ['colcon_pkg']
[4.447s] Level 1:colcon.colcon_core.package_identification:_identify(src/kraken) by extension 'colcon_pkg'
[4.447s] Level 1:colcon.colcon_core.package_identification:_identify(src/kraken) by extensions ['colcon_meta']
[4.447s] Level 1:colcon.colcon_core.package_identification:_identify(src/kraken) by extension 'colcon_meta'
[4.448s] Level 1:colcon.colcon_core.package_identification:_identify(src/kraken) by extensions ['ros']
[4.448s] Level 1:colcon.colcon_core.package_identification:_identify(src/kraken) by extension 'ros'
[4.460s] DEBUG:colcon.colcon_core.package_identification:Package 'src/kraken' with type 'ros.ament_python' and name 'kraken'
[4.460s] Level 1:colcon.colcon_core.package_discovery:discover_packages(recursive) using defaults
[4.461s] Level 1:colcon.colcon_core.package_discovery:discover_packages(ignore) discover
[4.461s] Level 1:colcon.colcon_core.package_discovery:discover_packages(ignore) using defaults
[4.461s] Level 1:colcon.colcon_core.package_discovery:discover_packages(path) discover
[4.461s] Level 1:colcon.colcon_core.package_discovery:discover_packages(path) using defaults
[4.754s] Level 5:colcon.colcon_core.verb:set package 'kraken' build argument 'cmake_args' from command line to 'None'
[4.754s] Level 5:colcon.colcon_core.verb:set package 'kraken' build argument 'cmake_target' from command line to 'None'
[4.754s] Level 5:colcon.colcon_core.verb:set package 'kraken' build argument 'cmake_target_skip_unavailable' from command line to 'False'
[4.755s] Level 5:colcon.colcon_core.verb:set package 'kraken' build argument 'cmake_clean_cache' from command line to 'False'
[4.755s] Level 5:colcon.colcon_core.verb:set package 'kraken' build argument 'cmake_clean_first' from command line to 'False'
[4.755s] Level 5:colcon.colcon_core.verb:set package 'kraken' build argument 'cmake_force_configure' from command line to 'False'
[4.755s] Level 5:colcon.colcon_core.verb:set package 'kraken' build argument 'ament_cmake_args' from command line to 'None'
[4.755s] Level 5:colcon.colcon_core.verb:set package 'kraken' build argument 'catkin_cmake_args' from command line to 'None'
[4.755s] Level 5:colcon.colcon_core.verb:set package 'kraken' build argument 'catkin_skip_building_tests' from command line to 'False'
[4.755s] DEBUG:colcon.colcon_core.verb:Building package 'kraken' with the following arguments: {'ament_cmake_args': None, 'build_base': '/home/auvic/kraken/build/kraken', 'catkin_cmake_args': None, 'catkin_skip_building_tests': False, 'cmake_args': None, 'cmake_clean_cache': False, 'cmake_clean_first': False, 'cmake_force_configure': False, 'cmake_target': None, 'cmake_target_skip_unavailable': False, 'install_base': '/home/auvic/kraken/install/kraken', 'merge_install': False, 'path': '/home/auvic/kraken/src/kraken', 'symlink_install': False, 'test_result_base': None}
[4.812s] INFO:colcon.colcon_core.executor:Executing jobs using 'parallel' executor
[4.873s] DEBUG:colcon.colcon_parallel_executor.executor.parallel:run_until_complete
[4.874s] INFO:colcon.colcon_ros.task.ament_python.build:Building ROS package in '/home/auvic/kraken/src/kraken' with build type 'ament_python'
[4.875s] Level 1:colcon.colcon_core.shell:create_environment_hook('kraken', 'ament_prefix_path')
[4.944s] INFO:colcon.colcon_core.plugin_system:Skipping extension 'colcon_core.shell.bat': Not used on non-Windows systems
[4.944s] INFO:colcon.colcon_core.shell:Creating environment hook '/home/auvic/kraken/install/kraken/share/kraken/hook/ament_prefix_path.ps1'
[4.947s] INFO:colcon.colcon_core.shell:Creating environment descriptor '/home/auvic/kraken/install/kraken/share/kraken/hook/ament_prefix_path.dsv'
[4.949s] INFO:colcon.colcon_core.shell:Creating environment hook '/home/auvic/kraken/install/kraken/share/kraken/hook/ament_prefix_path.sh'
[5.018s] INFO:colcon.colcon_core.shell:Skip shell extension 'powershell' for command environment: Not usable outside of PowerShell
[5.018s] DEBUG:colcon.colcon_core.shell:Skip shell extension 'dsv' for command environment
[6.163s] INFO:colcon.colcon_core.task.python.build:Building Python package in '/home/auvic/kraken/src/kraken'
[6.228s] INFO:colcon.colcon_core.shell:Skip shell extension 'powershell' for command environment: Not usable outside of PowerShell
[6.228s] DEBUG:colcon.colcon_core.shell:Skip shell extension 'dsv' for command environment
[7.970s] DEBUG:colcon.colcon_core.event_handler.log_command:Invoking command in '/home/auvic/kraken/src/kraken': PYTHONPATH=/home/auvic/kraken/build/kraken/prefix_override:/home/auvic/kraken/install/kraken/lib/python3.6/site-packages:${PYTHONPATH} /usr/bin/python3 setup.py egg_info --egg-base ../../build/kraken build --build-base /home/auvic/kraken/build/kraken/build install --record /home/auvic/kraken/build/kraken/install.log --install-scripts $base/lib/kraken --single-version-externally-managed
[9.260s] DEBUG:colcon.colcon_core.event_handler.log_command:Invoked command in '/home/auvic/kraken/src/kraken' returned '0': PYTHONPATH=/home/auvic/kraken/build/kraken/prefix_override:/home/auvic/kraken/install/kraken/lib/python3.6/site-packages:${PYTHONPATH} /usr/bin/python3 setup.py egg_info --egg-base ../../build/kraken build --build-base /home/auvic/kraken/build/kraken/build install --record /home/auvic/kraken/build/kraken/install.log --install-scripts $base/lib/kraken --single-version-externally-managed
[9.329s] Level 1:colcon.colcon_core.environment:checking '/home/auvic/kraken/install/kraken' for CMake module files
[9.331s] Level 1:colcon.colcon_core.environment:checking '/home/auvic/kraken/install/kraken' for CMake config files
[9.335s] Level 1:colcon.colcon_core.environment:checking '/home/auvic/kraken/install/kraken/lib'
[9.336s] Level 1:colcon.colcon_core.environment:checking '/home/auvic/kraken/install/kraken/bin'
[9.337s] Level 1:colcon.colcon_core.environment:checking '/home/auvic/kraken/install/kraken/lib/pkgconfig/kraken.pc'
[9.337s] Level 1:colcon.colcon_core.environment:checking '/home/auvic/kraken/install/kraken/lib/python3.6/site-packages'
[9.338s] Level 1:colcon.colcon_core.shell:create_environment_hook('kraken', 'pythonpath')
[9.396s] INFO:colcon.colcon_core.shell:Creating environment hook '/home/auvic/kraken/install/kraken/share/kraken/hook/pythonpath.ps1'
[9.397s] INFO:colcon.colcon_core.shell:Creating environment descriptor '/home/auvic/kraken/install/kraken/share/kraken/hook/pythonpath.dsv'
[9.398s] INFO:colcon.colcon_core.shell:Creating environment hook '/home/auvic/kraken/install/kraken/share/kraken/hook/pythonpath.sh'
[9.400s] Level 1:colcon.colcon_core.environment:checking '/home/auvic/kraken/install/kraken/bin'
[9.400s] Level 1:colcon.colcon_core.environment:create_environment_scripts_only(kraken)
[9.465s] INFO:colcon.colcon_core.shell:Creating package script '/home/auvic/kraken/install/kraken/share/kraken/package.ps1'
[9.468s] INFO:colcon.colcon_core.shell:Creating package descriptor '/home/auvic/kraken/install/kraken/share/kraken/package.dsv'
[9.471s] INFO:colcon.colcon_core.shell:Creating package script '/home/auvic/kraken/install/kraken/share/kraken/package.sh'
[9.474s] INFO:colcon.colcon_core.shell:Creating package script '/home/auvic/kraken/install/kraken/share/kraken/package.bash'
[9.477s] INFO:colcon.colcon_core.shell:Creating package script '/home/auvic/kraken/install/kraken/share/kraken/package.zsh'
[9.480s] Level 1:colcon.colcon_core.environment:create_file_with_runtime_dependencies(/home/auvic/kraken/install/kraken/share/colcon-core/packages/kraken)
[9.482s] DEBUG:colcon.colcon_parallel_executor.executor.parallel:closing loop
[9.483s] DEBUG:colcon.colcon_parallel_executor.executor.parallel:loop closed
[9.484s] DEBUG:colcon.colcon_parallel_executor.executor.parallel:run_until_complete finished with '0'
[9.484s] DEBUG:colcon.colcon_core.event_reactor:joining thread
[9.569s] INFO:colcon.colcon_core.plugin_system:Skipping extension 'colcon_notification.desktop_notification.terminal_notifier': Not used on non-Darwin systems
[9.570s] INFO:colcon.colcon_core.plugin_system:Skipping extension 'colcon_notification.desktop_notification.win32': Not used on non-Windows systems
[9.570s] INFO:colcon.colcon_notification.desktop_notification:Sending desktop notification using 'notify2'
[9.641s] DEBUG:colcon.colcon_core.event_reactor:joined thread
[9.713s] INFO:colcon.colcon_core.shell:Creating prefix script '/home/auvic/kraken/install/local_setup.ps1'
[9.718s] INFO:colcon.colcon_core.shell:Creating prefix util module '/home/auvic/kraken/install/_local_setup_util_ps1.py'
[9.728s] INFO:colcon.colcon_core.shell:Creating prefix chain script '/home/auvic/kraken/install/setup.ps1'
[9.802s] INFO:colcon.colcon_core.shell:Creating prefix script '/home/auvic/kraken/install/local_setup.sh'
[9.804s] INFO:colcon.colcon_core.shell:Creating prefix util module '/home/auvic/kraken/install/_local_setup_util_sh.py'
[9.806s] INFO:colcon.colcon_core.shell:Creating prefix chain script '/home/auvic/kraken/install/setup.sh'
[9.881s] INFO:colcon.colcon_core.shell:Creating prefix script '/home/auvic/kraken/install/local_setup.bash'
[9.883s] INFO:colcon.colcon_core.shell:Creating prefix chain script '/home/auvic/kraken/install/setup.bash'
[9.947s] INFO:colcon.colcon_core.shell:Creating prefix script '/home/auvic/kraken/install/local_setup.zsh'
[9.949s] INFO:colcon.colcon_core.shell:Creating prefix chain script '/home/auvic/kraken/install/setup.zsh'
