[4.155s] DEBUG:colcon:Command line arguments: ['/home/auvic/.local/bin/colcon', 'build', '--packages-select', 'kraken']
[4.155s] DEBUG:colcon:Parsed command line arguments: Namespace(ament_cmake_args=None, base_paths=['.'], build_base='build', catkin_cmake_args=None, catkin_skip_building_tests=False, cmake_args=None, cmake_clean_cache=False, cmake_clean_first=False, cmake_force_configure=False, cmake_target=None, cmake_target_skip_unavailable=False, continue_on_error=False, event_handlers=None, executor='parallel', ignore_user_meta=False, install_base='install', log_base=None, log_level=None, main=<bound method BuildVerb.main of <colcon_core.verb.build.BuildVerb object at 0x7f7e78ba90>>, merge_install=False, metas=['./colcon.meta'], packages_above=None, packages_above_and_dependencies=None, packages_above_depth=None, packages_end=None, packages_ignore=None, packages_ignore_regex=None, packages_select=['kraken'], packages_select_build_failed=False, packages_select_by_dep=None, packages_select_regex=None, packages_select_test_failures=False, packages_skip=None, packages_skip_build_finished=False, packages_skip_by_dep=None, packages_skip_regex=None, packages_skip_test_passed=False, packages_skip_up_to=None, packages_start=None, packages_up_to=None, packages_up_to_regex=None, parallel_workers=4, paths=None, symlink_install=False, test_result_base=None, verb_extension=<colcon_core.verb.build.BuildVerb object at 0x7f7e78ba90>, verb_name='build', verb_parser=<colcon_defaults.argument_parser.defaults.DefaultArgumentsDecorator object at 0x7f7e78bdd8>)
[4.368s] Level 1:colcon.colcon_core.package_discovery:discover_packages(colcon_meta) check parameters
[4.369s] Level 1:colcon.colcon_core.package_discovery:discover_packages(recursive) check parameters
[4.369s] Level 1:colcon.colcon_core.package_discovery:discover_packages(ignore) check parameters
[4.369s] Level 1:colcon.colcon_core.package_discovery:discover_packages(path) check parameters
[4.369s] Level 1:colcon.colcon_core.package_discovery:discover_packages(colcon_meta) discover
[4.371s] Level 1:colcon.colcon_core.package_discovery:discover_packages(recursive) discover
[4.371s] INFO:colcon.colcon_core.package_discovery:Crawling recursively for packages in '/home/auvic/kraken/ROS'
[4.371s] Level 1:colcon.colcon_core.package_identification:_identify(.) by extensions ['ignore', 'ignore_ament_install']
[4.372s] Level 1:colcon.colcon_core.package_identification:_identify(.) by extension 'ignore'
[4.372s] Level 1:colcon.colcon_core.package_identification:_identify(.) by extension 'ignore_ament_install'
[4.372s] Level 1:colcon.colcon_core.package_identification:_identify(.) by extensions ['colcon_pkg']
[4.372s] Level 1:colcon.colcon_core.package_identification:_identify(.) by extension 'colcon_pkg'
[4.373s] Level 1:colcon.colcon_core.package_identification:_identify(.) by extensions ['colcon_meta']
[4.373s] Level 1:colcon.colcon_core.package_identification:_identify(.) by extension 'colcon_meta'
[4.373s] Level 1:colcon.colcon_core.package_identification:_identify(.) by extensions ['ros']
[4.373s] Level 1:colcon.colcon_core.package_identification:_identify(.) by extension 'ros'
[4.414s] Level 1:colcon.colcon_core.package_identification:_identify(.) by extensions ['cmake', 'python']
[4.415s] Level 1:colcon.colcon_core.package_identification:_identify(.) by extension 'cmake'
[4.415s] Level 1:colcon.colcon_core.package_identification:_identify(.) by extension 'python'
[4.415s] Level 1:colcon.colcon_core.package_identification:_identify(.) by extensions ['python_setup_py']
[4.415s] Level 1:colcon.colcon_core.package_identification:_identify(.) by extension 'python_setup_py'
[4.416s] Level 1:colcon.colcon_core.package_identification:_identify(build) by extensions ['ignore', 'ignore_ament_install']
[4.416s] Level 1:colcon.colcon_core.package_identification:_identify(build) by extension 'ignore'
[4.416s] Level 1:colcon.colcon_core.package_identification:_identify(build) ignored
[4.418s] Level 1:colcon.colcon_core.package_identification:_identify(install) by extensions ['ignore', 'ignore_ament_install']
[4.418s] Level 1:colcon.colcon_core.package_identification:_identify(install) by extension 'ignore'
[4.419s] Level 1:colcon.colcon_core.package_identification:_identify(install) ignored
[4.419s] Level 1:colcon.colcon_core.package_identification:_identify(log) by extensions ['ignore', 'ignore_ament_install']
[4.419s] Level 1:colcon.colcon_core.package_identification:_identify(log) by extension 'ignore'
[4.419s] Level 1:colcon.colcon_core.package_identification:_identify(log) ignored
[4.420s] Level 1:colcon.colcon_core.package_identification:_identify(src) by extensions ['ignore', 'ignore_ament_install']
[4.420s] Level 1:colcon.colcon_core.package_identification:_identify(src) by extension 'ignore'
[4.420s] Level 1:colcon.colcon_core.package_identification:_identify(src) by extension 'ignore_ament_install'
[4.420s] Level 1:colcon.colcon_core.package_identification:_identify(src) by extensions ['colcon_pkg']
[4.421s] Level 1:colcon.colcon_core.package_identification:_identify(src) by extension 'colcon_pkg'
[4.421s] Level 1:colcon.colcon_core.package_identification:_identify(src) by extensions ['colcon_meta']
[4.421s] Level 1:colcon.colcon_core.package_identification:_identify(src) by extension 'colcon_meta'
[4.421s] Level 1:colcon.colcon_core.package_identification:_identify(src) by extensions ['ros']
[4.421s] Level 1:colcon.colcon_core.package_identification:_identify(src) by extension 'ros'
[4.422s] Level 1:colcon.colcon_core.package_identification:_identify(src) by extensions ['cmake', 'python']
[4.422s] Level 1:colcon.colcon_core.package_identification:_identify(src) by extension 'cmake'
[4.422s] Level 1:colcon.colcon_core.package_identification:_identify(src) by extension 'python'
[4.422s] Level 1:colcon.colcon_core.package_identification:_identify(src) by extensions ['python_setup_py']
[4.422s] Level 1:colcon.colcon_core.package_identification:_identify(src) by extension 'python_setup_py'
[4.423s] Level 1:colcon.colcon_core.package_identification:_identify(src/build) by extensions ['ignore', 'ignore_ament_install']
[4.423s] Level 1:colcon.colcon_core.package_identification:_identify(src/build) by extension 'ignore'
[4.423s] Level 1:colcon.colcon_core.package_identification:_identify(src/build) ignored
[4.424s] Level 1:colcon.colcon_core.package_identification:_identify(src/install) by extensions ['ignore', 'ignore_ament_install']
[4.424s] Level 1:colcon.colcon_core.package_identification:_identify(src/install) by extension 'ignore'
[4.424s] Level 1:colcon.colcon_core.package_identification:_identify(src/install) ignored
[4.424s] Level 1:colcon.colcon_core.package_identification:_identify(src/kraken) by extensions ['ignore', 'ignore_ament_install']
[4.425s] Level 1:colcon.colcon_core.package_identification:_identify(src/kraken) by extension 'ignore'
[4.425s] Level 1:colcon.colcon_core.package_identification:_identify(src/kraken) by extension 'ignore_ament_install'
[4.425s] Level 1:colcon.colcon_core.package_identification:_identify(src/kraken) by extensions ['colcon_pkg']
[4.425s] Level 1:colcon.colcon_core.package_identification:_identify(src/kraken) by extension 'colcon_pkg'
[4.425s] Level 1:colcon.colcon_core.package_identification:_identify(src/kraken) by extensions ['colcon_meta']
[4.426s] Level 1:colcon.colcon_core.package_identification:_identify(src/kraken) by extension 'colcon_meta'
[4.426s] Level 1:colcon.colcon_core.package_identification:_identify(src/kraken) by extensions ['ros']
[4.426s] Level 1:colcon.colcon_core.package_identification:_identify(src/kraken) by extension 'ros'
[4.443s] DEBUG:colcon.colcon_core.package_identification:Package 'src/kraken' with type 'ros.ament_python' and name 'kraken'
[4.444s] Level 1:colcon.colcon_core.package_identification:_identify(src/log) by extensions ['ignore', 'ignore_ament_install']
[4.444s] Level 1:colcon.colcon_core.package_identification:_identify(src/log) by extension 'ignore'
[4.445s] Level 1:colcon.colcon_core.package_identification:_identify(src/log) ignored
[4.445s] Level 1:colcon.colcon_core.package_discovery:discover_packages(recursive) using defaults
[4.446s] Level 1:colcon.colcon_core.package_discovery:discover_packages(ignore) discover
[4.446s] Level 1:colcon.colcon_core.package_discovery:discover_packages(ignore) using defaults
[4.446s] Level 1:colcon.colcon_core.package_discovery:discover_packages(path) discover
[4.446s] Level 1:colcon.colcon_core.package_discovery:discover_packages(path) using defaults
[4.736s] Level 5:colcon.colcon_core.verb:set package 'kraken' build argument 'cmake_args' from command line to 'None'
[4.736s] Level 5:colcon.colcon_core.verb:set package 'kraken' build argument 'cmake_target' from command line to 'None'
[4.737s] Level 5:colcon.colcon_core.verb:set package 'kraken' build argument 'cmake_target_skip_unavailable' from command line to 'False'
[4.737s] Level 5:colcon.colcon_core.verb:set package 'kraken' build argument 'cmake_clean_cache' from command line to 'False'
[4.737s] Level 5:colcon.colcon_core.verb:set package 'kraken' build argument 'cmake_clean_first' from command line to 'False'
[4.737s] Level 5:colcon.colcon_core.verb:set package 'kraken' build argument 'cmake_force_configure' from command line to 'False'
[4.737s] Level 5:colcon.colcon_core.verb:set package 'kraken' build argument 'ament_cmake_args' from command line to 'None'
[4.737s] Level 5:colcon.colcon_core.verb:set package 'kraken' build argument 'catkin_cmake_args' from command line to 'None'
[4.737s] Level 5:colcon.colcon_core.verb:set package 'kraken' build argument 'catkin_skip_building_tests' from command line to 'False'
[4.737s] DEBUG:colcon.colcon_core.verb:Building package 'kraken' with the following arguments: {'ament_cmake_args': None, 'build_base': '/home/auvic/kraken/ROS/build/kraken', 'catkin_cmake_args': None, 'catkin_skip_building_tests': False, 'cmake_args': None, 'cmake_clean_cache': False, 'cmake_clean_first': False, 'cmake_force_configure': False, 'cmake_target': None, 'cmake_target_skip_unavailable': False, 'install_base': '/home/auvic/kraken/ROS/install/kraken', 'merge_install': False, 'path': '/home/auvic/kraken/ROS/src/kraken', 'symlink_install': False, 'test_result_base': None}
[4.794s] INFO:colcon.colcon_core.executor:Executing jobs using 'parallel' executor
[4.861s] DEBUG:colcon.colcon_parallel_executor.executor.parallel:run_until_complete
[4.862s] INFO:colcon.colcon_ros.task.ament_python.build:Building ROS package in '/home/auvic/kraken/ROS/src/kraken' with build type 'ament_python'
[4.863s] Level 1:colcon.colcon_core.shell:create_environment_hook('kraken', 'ament_prefix_path')
[4.938s] INFO:colcon.colcon_core.plugin_system:Skipping extension 'colcon_core.shell.bat': Not used on non-Windows systems
[4.939s] INFO:colcon.colcon_core.shell:Creating environment hook '/home/auvic/kraken/ROS/install/kraken/share/kraken/hook/ament_prefix_path.ps1'
[4.942s] INFO:colcon.colcon_core.shell:Creating environment descriptor '/home/auvic/kraken/ROS/install/kraken/share/kraken/hook/ament_prefix_path.dsv'
[4.943s] INFO:colcon.colcon_core.shell:Creating environment hook '/home/auvic/kraken/ROS/install/kraken/share/kraken/hook/ament_prefix_path.sh'
[5.014s] INFO:colcon.colcon_core.shell:Skip shell extension 'powershell' for command environment: Not usable outside of PowerShell
[5.014s] DEBUG:colcon.colcon_core.shell:Skip shell extension 'dsv' for command environment
[6.163s] INFO:colcon.colcon_core.task.python.build:Building Python package in '/home/auvic/kraken/ROS/src/kraken'
[6.227s] INFO:colcon.colcon_core.shell:Skip shell extension 'powershell' for command environment: Not usable outside of PowerShell
[6.228s] DEBUG:colcon.colcon_core.shell:Skip shell extension 'dsv' for command environment
[7.913s] DEBUG:colcon.colcon_core.event_handler.log_command:Invoking command in '/home/auvic/kraken/ROS/src/kraken': PYTHONPATH=/home/auvic/kraken/ROS/build/kraken/prefix_override:/home/auvic/kraken/ROS/install/kraken/lib/python3.6/site-packages:${PYTHONPATH} /usr/bin/python3 setup.py egg_info --egg-base ../../build/kraken build --build-base /home/auvic/kraken/ROS/build/kraken/build install --record /home/auvic/kraken/ROS/build/kraken/install.log --install-scripts $base/lib/kraken --single-version-externally-managed
[9.158s] DEBUG:colcon.colcon_core.event_handler.log_command:Invoked command in '/home/auvic/kraken/ROS/src/kraken' returned '0': PYTHONPATH=/home/auvic/kraken/ROS/build/kraken/prefix_override:/home/auvic/kraken/ROS/install/kraken/lib/python3.6/site-packages:${PYTHONPATH} /usr/bin/python3 setup.py egg_info --egg-base ../../build/kraken build --build-base /home/auvic/kraken/ROS/build/kraken/build install --record /home/auvic/kraken/ROS/build/kraken/install.log --install-scripts $base/lib/kraken --single-version-externally-managed
[9.233s] Level 1:colcon.colcon_core.environment:checking '/home/auvic/kraken/ROS/install/kraken' for CMake module files
[9.235s] Level 1:colcon.colcon_core.environment:checking '/home/auvic/kraken/ROS/install/kraken' for CMake config files
[9.239s] Level 1:colcon.colcon_core.environment:checking '/home/auvic/kraken/ROS/install/kraken/lib'
[9.239s] Level 1:colcon.colcon_core.environment:checking '/home/auvic/kraken/ROS/install/kraken/bin'
[9.240s] Level 1:colcon.colcon_core.environment:checking '/home/auvic/kraken/ROS/install/kraken/lib/pkgconfig/kraken.pc'
[9.240s] Level 1:colcon.colcon_core.environment:checking '/home/auvic/kraken/ROS/install/kraken/lib/python3.6/site-packages'
[9.241s] Level 1:colcon.colcon_core.shell:create_environment_hook('kraken', 'pythonpath')
[9.299s] INFO:colcon.colcon_core.shell:Creating environment hook '/home/auvic/kraken/ROS/install/kraken/share/kraken/hook/pythonpath.ps1'
[9.302s] INFO:colcon.colcon_core.shell:Creating environment descriptor '/home/auvic/kraken/ROS/install/kraken/share/kraken/hook/pythonpath.dsv'
[9.306s] INFO:colcon.colcon_core.shell:Creating environment hook '/home/auvic/kraken/ROS/install/kraken/share/kraken/hook/pythonpath.sh'
[9.309s] Level 1:colcon.colcon_core.environment:checking '/home/auvic/kraken/ROS/install/kraken/bin'
[9.309s] Level 1:colcon.colcon_core.environment:create_environment_scripts_only(kraken)
[9.370s] INFO:colcon.colcon_core.shell:Creating package script '/home/auvic/kraken/ROS/install/kraken/share/kraken/package.ps1'
[9.374s] INFO:colcon.colcon_core.shell:Creating package descriptor '/home/auvic/kraken/ROS/install/kraken/share/kraken/package.dsv'
[9.376s] INFO:colcon.colcon_core.shell:Creating package script '/home/auvic/kraken/ROS/install/kraken/share/kraken/package.sh'
[9.379s] INFO:colcon.colcon_core.shell:Creating package script '/home/auvic/kraken/ROS/install/kraken/share/kraken/package.bash'
[9.383s] INFO:colcon.colcon_core.shell:Creating package script '/home/auvic/kraken/ROS/install/kraken/share/kraken/package.zsh'
[9.385s] Level 1:colcon.colcon_core.environment:create_file_with_runtime_dependencies(/home/auvic/kraken/ROS/install/kraken/share/colcon-core/packages/kraken)
[9.387s] DEBUG:colcon.colcon_parallel_executor.executor.parallel:closing loop
[9.389s] DEBUG:colcon.colcon_parallel_executor.executor.parallel:loop closed
[9.389s] DEBUG:colcon.colcon_parallel_executor.executor.parallel:run_until_complete finished with '0'
[9.390s] DEBUG:colcon.colcon_core.event_reactor:joining thread
[9.473s] INFO:colcon.colcon_core.plugin_system:Skipping extension 'colcon_notification.desktop_notification.terminal_notifier': Not used on non-Darwin systems
[9.474s] INFO:colcon.colcon_core.plugin_system:Skipping extension 'colcon_notification.desktop_notification.win32': Not used on non-Windows systems
[9.474s] INFO:colcon.colcon_notification.desktop_notification:Sending desktop notification using 'notify2'
[9.546s] DEBUG:colcon.colcon_core.event_reactor:joined thread
[9.616s] INFO:colcon.colcon_core.shell:Creating prefix script '/home/auvic/kraken/ROS/install/local_setup.ps1'
[9.620s] INFO:colcon.colcon_core.shell:Creating prefix util module '/home/auvic/kraken/ROS/install/_local_setup_util_ps1.py'
[9.628s] INFO:colcon.colcon_core.shell:Creating prefix chain script '/home/auvic/kraken/ROS/install/setup.ps1'
[9.697s] INFO:colcon.colcon_core.shell:Creating prefix script '/home/auvic/kraken/ROS/install/local_setup.sh'
[9.699s] INFO:colcon.colcon_core.shell:Creating prefix util module '/home/auvic/kraken/ROS/install/_local_setup_util_sh.py'
[9.702s] INFO:colcon.colcon_core.shell:Creating prefix chain script '/home/auvic/kraken/ROS/install/setup.sh'
[9.772s] INFO:colcon.colcon_core.shell:Creating prefix script '/home/auvic/kraken/ROS/install/local_setup.bash'
[9.774s] INFO:colcon.colcon_core.shell:Creating prefix chain script '/home/auvic/kraken/ROS/install/setup.bash'
[9.835s] INFO:colcon.colcon_core.shell:Creating prefix script '/home/auvic/kraken/ROS/install/local_setup.zsh'
[9.837s] INFO:colcon.colcon_core.shell:Creating prefix chain script '/home/auvic/kraken/ROS/install/setup.zsh'
