[3.184s] Invoking command in '/home/auvic/kraken/ROS/src/kraken': PYTHONPATH=/home/auvic/kraken/ROS/src/build/kraken/prefix_override:/home/auvic/kraken/ROS/src/install/kraken/lib/python3.6/site-packages:${PYTHONPATH} /usr/bin/python3 setup.py egg_info --egg-base ../build/kraken build --build-base /home/auvic/kraken/ROS/src/build/kraken/build install --record /home/auvic/kraken/ROS/src/build/kraken/install.log --install-scripts $base/lib/kraken --single-version-externally-managed
[4.085s] running egg_info
[4.087s] writing ../build/kraken/kraken.egg-info/PKG-INFO
[4.088s] writing dependency_links to ../build/kraken/kraken.egg-info/dependency_links.txt
[4.088s] writing entry points to ../build/kraken/kraken.egg-info/entry_points.txt
[4.089s] writing requirements to ../build/kraken/kraken.egg-info/requires.txt
[4.089s] writing top-level names to ../build/kraken/kraken.egg-info/top_level.txt
[4.231s] reading manifest file '../build/kraken/kraken.egg-info/SOURCES.txt'
[4.236s] writing manifest file '../build/kraken/kraken.egg-info/SOURCES.txt'
[4.236s] running build
[4.237s] running build_py
[4.237s] running install
[4.239s] running install_lib
[4.243s] running install_data
[4.245s] running install_egg_info
[4.251s] removing '/home/auvic/kraken/ROS/src/install/kraken/lib/python3.6/site-packages/kraken-0.0.0-py3.6.egg-info' (and everything under it)
[4.252s] Copying ../build/kraken/kraken.egg-info to /home/auvic/kraken/ROS/src/install/kraken/lib/python3.6/site-packages/kraken-0.0.0-py3.6.egg-info
[4.255s] running install_scripts
[4.323s] Installing depth_sensor script to /home/auvic/kraken/ROS/src/install/kraken/lib/kraken
[4.329s] Installing imu script to /home/auvic/kraken/ROS/src/install/kraken/lib/kraken
[4.331s] writing list of installed files to '/home/auvic/kraken/ROS/src/build/kraken/install.log'
[4.427s] Invoked command in '/home/auvic/kraken/ROS/src/kraken' returned '0': PYTHONPATH=/home/auvic/kraken/ROS/src/build/kraken/prefix_override:/home/auvic/kraken/ROS/src/install/kraken/lib/python3.6/site-packages:${PYTHONPATH} /usr/bin/python3 setup.py egg_info --egg-base ../build/kraken build --build-base /home/auvic/kraken/ROS/src/build/kraken/build install --record /home/auvic/kraken/ROS/src/build/kraken/install.log --install-scripts $base/lib/kraken --single-version-externally-managed
