[3.299s] Invoking command in '/home/auvic/kraken/ROS/src/kraken': PYTHONPATH=/home/auvic/kraken/ROS/src/build/kraken/prefix_override:/home/auvic/kraken/ROS/src/install/kraken/lib/python3.6/site-packages:${PYTHONPATH} /usr/bin/python3 setup.py egg_info --egg-base ../build/kraken build --build-base /home/auvic/kraken/ROS/src/build/kraken/build install --record /home/auvic/kraken/ROS/src/build/kraken/install.log --install-scripts $base/lib/kraken --single-version-externally-managed
[4.209s] running egg_info
[4.211s] writing ../build/kraken/kraken.egg-info/PKG-INFO
[4.212s] writing dependency_links to ../build/kraken/kraken.egg-info/dependency_links.txt
[4.212s] writing entry points to ../build/kraken/kraken.egg-info/entry_points.txt
[4.213s] writing requirements to ../build/kraken/kraken.egg-info/requires.txt
[4.213s] writing top-level names to ../build/kraken/kraken.egg-info/top_level.txt
[4.355s] reading manifest file '../build/kraken/kraken.egg-info/SOURCES.txt'
[4.360s] writing manifest file '../build/kraken/kraken.egg-info/SOURCES.txt'
[4.360s] running build
[4.361s] running build_py
[4.361s] copying kraken/imu_node.py -> /home/auvic/kraken/ROS/src/build/kraken/build/lib/kraken
[4.362s] running install
[4.364s] running install_lib
[4.367s] copying /home/auvic/kraken/ROS/src/build/kraken/build/lib/kraken/imu_node.py -> /home/auvic/kraken/ROS/src/install/kraken/lib/python3.6/site-packages/kraken
[4.369s] byte-compiling /home/auvic/kraken/ROS/src/install/kraken/lib/python3.6/site-packages/kraken/imu_node.py to imu_node.cpython-36.pyc
[4.371s] running install_data
[4.373s] running install_egg_info
[4.379s] removing '/home/auvic/kraken/ROS/src/install/kraken/lib/python3.6/site-packages/kraken-0.0.0-py3.6.egg-info' (and everything under it)
[4.380s] Copying ../build/kraken/kraken.egg-info to /home/auvic/kraken/ROS/src/install/kraken/lib/python3.6/site-packages/kraken-0.0.0-py3.6.egg-info
[4.383s] running install_scripts
[4.450s] Installing depth_sensor script to /home/auvic/kraken/ROS/src/install/kraken/lib/kraken
[4.451s] Installing imu script to /home/auvic/kraken/ROS/src/install/kraken/lib/kraken
[4.452s] writing list of installed files to '/home/auvic/kraken/ROS/src/build/kraken/install.log'
[4.552s] Invoked command in '/home/auvic/kraken/ROS/src/kraken' returned '0': PYTHONPATH=/home/auvic/kraken/ROS/src/build/kraken/prefix_override:/home/auvic/kraken/ROS/src/install/kraken/lib/python3.6/site-packages:${PYTHONPATH} /usr/bin/python3 setup.py egg_info --egg-base ../build/kraken build --build-base /home/auvic/kraken/ROS/src/build/kraken/build install --record /home/auvic/kraken/ROS/src/build/kraken/install.log --install-scripts $base/lib/kraken --single-version-externally-managed
