[3.272s] Invoking command in '/home/auvic/kraken/ROS/src/kraken': PYTHONPATH=/home/auvic/kraken/ROS/src/build/kraken/prefix_override:/home/auvic/kraken/ROS/src/install/kraken/lib/python3.6/site-packages:${PYTHONPATH} /usr/bin/python3 setup.py egg_info --egg-base ../build/kraken build --build-base /home/auvic/kraken/ROS/src/build/kraken/build install --record /home/auvic/kraken/ROS/src/build/kraken/install.log --install-scripts $base/lib/kraken --single-version-externally-managed
[4.203s] running egg_info
[4.206s] writing ../build/kraken/kraken.egg-info/PKG-INFO
[4.206s] writing dependency_links to ../build/kraken/kraken.egg-info/dependency_links.txt
[4.207s] writing entry points to ../build/kraken/kraken.egg-info/entry_points.txt
[4.207s] writing requirements to ../build/kraken/kraken.egg-info/requires.txt
[4.208s] writing top-level names to ../build/kraken/kraken.egg-info/top_level.txt
[4.360s] reading manifest file '../build/kraken/kraken.egg-info/SOURCES.txt'
[4.364s] writing manifest file '../build/kraken/kraken.egg-info/SOURCES.txt'
[4.365s] running build
[4.365s] running build_py
[4.366s] running install
[4.368s] running install_lib
[4.373s] running install_data
[4.375s] running install_egg_info
[4.381s] removing '/home/auvic/kraken/ROS/src/install/kraken/lib/python3.6/site-packages/kraken-0.0.0-py3.6.egg-info' (and everything under it)
[4.382s] Copying ../build/kraken/kraken.egg-info to /home/auvic/kraken/ROS/src/install/kraken/lib/python3.6/site-packages/kraken-0.0.0-py3.6.egg-info
[4.385s] running install_scripts
[4.462s] Installing depth_sensor script to /home/auvic/kraken/ROS/src/install/kraken/lib/kraken
[4.463s] Installing imu script to /home/auvic/kraken/ROS/src/install/kraken/lib/kraken
[4.465s] writing list of installed files to '/home/auvic/kraken/ROS/src/build/kraken/install.log'
[4.561s] Invoked command in '/home/auvic/kraken/ROS/src/kraken' returned '0': PYTHONPATH=/home/auvic/kraken/ROS/src/build/kraken/prefix_override:/home/auvic/kraken/ROS/src/install/kraken/lib/python3.6/site-packages:${PYTHONPATH} /usr/bin/python3 setup.py egg_info --egg-base ../build/kraken build --build-base /home/auvic/kraken/ROS/src/build/kraken/build install --record /home/auvic/kraken/ROS/src/build/kraken/install.log --install-scripts $base/lib/kraken --single-version-externally-managed
